<?xml version="1.0" encoding="UTF-8"?>
<testsuite xmlns:xsi="http://www.w3.org/2001/XMLSchema-instance" xsi:noNamespaceSchemaLocation="https://maven.apache.org/surefire/maven-surefire-plugin/xsd/surefire-test-report-3.0.xsd" version="3.0" name="validator.PasswordValidatorBVATest" time="0.09" tests="6" errors="0" skipped="0" failures="0">
  <properties>
[...]
</properties>
  <testcase name="returnsTrueWhenLengthIsNine" classname="validator.PasswordValidatorBVATest" time="0.036"/>
  <testcase name="returnsFalseWhenLengthIsSeven" classname="validator.PasswordValidatorBVATest" time="0.001"/>
  <testcase name="returnsFalseWhenLengthIsTwentyOne" classname="validator.PasswordValidatorBVATest" time="0.001"/>
  <testcase name="returnsTrueWhenLengthIsTwenty" classname="validator.PasswordValidatorBVATest" time="0.002"/>
  <testcase name="returnsTrueWhenLengthIsEight" classname="validator.PasswordValidatorBVATest" time="0.0"/>
  <testcase name="returnsTrueWhenLengthIsNineteen" classname="validator.PasswordValidatorBVATest" time="0.001"/>
</testsuite>